<?xml version="1.0" encoding="UTF-8"?>
<testsuite name="com.smartandhuman.springboot.web.HelloControllerTest" tests="2" skipped="0" failures="0" errors="0" timestamp="2020-02-26T15:00:47" hostname="NICEGUY" time="0.152">
  <properties/>
  <testcase name="hello가_리던된다" classname="com.smartandhuman.springboot.web.HelloControllerTest" time="0.063"/>
  <testcase name="helloDto가_리턴된다" classname="com.smartandhuman.springboot.web.HelloControllerTest" time="0.088"/>
  <system-out><![CDATA[2020-02-27 00:00:47.020  INFO 8988 --- [    Test worker] .b.t.a.w.s.WebMvcTestContextBootstrapper : Neither @ContextConfiguration nor @ContextHierarchy found for test class [com.smartandhuman.springboot.web.HelloControllerTest], using SpringBootContextLoader
2020-02-27 00:00:47.020  INFO 8988 --- [    Test worker] o.s.t.c.support.AbstractContextLoader    : Could not detect default resource locations for test class [com.smartandhuman.springboot.web.HelloControllerTest]: no resource found for suffixes {-context.xml, Context.groovy}.
2020-02-27 00:00:47.021  INFO 8988 --- [    Test worker] t.c.s.AnnotationConfigContextLoaderUtils : Could not detect default configuration classes for test class [com.smartandhuman.springboot.web.HelloControllerTest]: HelloControllerTest does not declare any static, non-private, non-final, nested classes annotated with @Configuration.
2020-02-27 00:00:47.049  INFO 8988 --- [    Test worker] .b.t.c.SpringBootTestContextBootstrapper : Found @SpringBootConfiguration com.smartandhuman.springboot.Application for test class com.smartandhuman.springboot.web.HelloControllerTest
2020-02-27 00:00:47.050  INFO 8988 --- [    Test worker] .b.t.a.w.s.WebMvcTestContextBootstrapper : Loaded default TestExecutionListener class names from location [META-INF/spring.factories]: [org.springframework.security.test.context.support.WithSecurityContextTestExecutionListener, org.springframework.security.test.context.support.ReactorContextTestExecutionListener, org.springframework.boot.test.autoconfigure.restdocs.RestDocsTestExecutionListener, org.springframework.boot.test.autoconfigure.web.client.MockRestServiceServerResetTestExecutionListener, org.springframework.boot.test.autoconfigure.web.servlet.MockMvcPrintOnlyOnFailureTestExecutionListener, org.springframework.boot.test.autoconfigure.web.servlet.WebDriverTestExecutionListener, org.springframework.boot.test.mock.mockito.MockitoTestExecutionListener, org.springframework.boot.test.mock.mockito.ResetMocksTestExecutionListener, org.springframework.test.context.web.ServletTestExecutionListener, org.springframework.test.context.support.DirtiesContextBeforeModesTestExecutionListener, org.springframework.test.context.support.DependencyInjectionTestExecutionListener, org.springframework.test.context.support.DirtiesContextTestExecutionListener, org.springframework.test.context.transaction.TransactionalTestExecutionListener, org.springframework.test.context.jdbc.SqlScriptsTestExecutionListener]
2020-02-27 00:00:47.051  INFO 8988 --- [    Test worker] .b.t.a.w.s.WebMvcTestContextBootstrapper : Using TestExecutionListeners: [org.springframework.test.context.web.ServletTestExecutionListener@2c76215, org.springframework.test.context.support.DirtiesContextBeforeModesTestExecutionListener@549c27c1, org.springframework.boot.test.mock.mockito.MockitoTestExecutionListener@7f2fa2de, org.springframework.boot.test.autoconfigure.SpringBootDependencyInjectionTestExecutionListener@7b753bca, org.springframework.test.context.support.DirtiesContextTestExecutionListener@429b297b, org.springframework.test.context.transaction.TransactionalTestExecutionListener@770cacc6, org.springframework.test.context.jdbc.SqlScriptsTestExecutionListener@75b7c9ab, org.springframework.security.test.context.support.WithSecurityContextTestExecutionListener@27ce17bc, org.springframework.security.test.context.support.ReactorContextTestExecutionListener@3c8532cf, org.springframework.boot.test.autoconfigure.restdocs.RestDocsTestExecutionListener@2efdd305, org.springframework.boot.test.autoconfigure.web.client.MockRestServiceServerResetTestExecutionListener@654cade0, org.springframework.boot.test.autoconfigure.web.servlet.MockMvcPrintOnlyOnFailureTestExecutionListener@32683502, org.springframework.boot.test.autoconfigure.web.servlet.WebDriverTestExecutionListener@27ee7aca, org.springframework.boot.test.mock.mockito.ResetMocksTestExecutionListener@67cbe0c9]

  .   ____          _            __ _ _
 /\\ / ___'_ __ _ _(_)_ __  __ _ \ \ \ \
( ( )\___ | '_ | '_| | '_ \/ _` | \ \ \ \
 \\/  ___)| |_)| | | | | || (_| |  ) ) ) )
  '  |____| .__|_| |_|_| |_\__, | / / / /
 =========|_|==============|___/=/_/_/_/
 :: Spring Boot ::        (v2.1.9.RELEASE)

2020-02-27 00:00:47.089  INFO 8988 --- [    Test worker] c.s.springboot.web.HelloControllerTest   : Starting HelloControllerTest on NICEGUY with PID 8988 (started by Administrator in D:\SPRING-BOOT-SUTDY-WITH-AWS\freelec-springboot2-webservice)
2020-02-27 00:00:47.090  INFO 8988 --- [    Test worker] c.s.springboot.web.HelloControllerTest   : The following profiles are active: oauth
2020-02-27 00:00:47.522  INFO 8988 --- [    Test worker] o.s.s.concurrent.ThreadPoolTaskExecutor  : Initializing ExecutorService 'applicationTaskExecutor'
2020-02-27 00:00:47.549  INFO 8988 --- [    Test worker] o.s.b.a.w.s.WelcomePageHandlerMapping    : Adding welcome page template: index
2020-02-27 00:00:47.740  INFO 8988 --- [    Test worker] .s.s.UserDetailsServiceAutoConfiguration : 

Using generated security password: 345d7577-b766-4c8a-89ea-d3f984d89a1f

2020-02-27 00:00:47.854  INFO 8988 --- [    Test worker] o.s.s.web.DefaultSecurityFilterChain     : Creating filter chain: any request, [org.springframework.security.web.context.request.async.WebAsyncManagerIntegrationFilter@6cdbc156, org.springframework.security.web.context.SecurityContextPersistenceFilter@45468790, org.springframework.security.web.header.HeaderWriterFilter@3ab7a31e, org.springframework.security.web.csrf.CsrfFilter@37fe0ae, org.springframework.security.web.authentication.logout.LogoutFilter@1795769, org.springframework.security.web.authentication.UsernamePasswordAuthenticationFilter@bc7b6f3, org.springframework.security.web.authentication.ui.DefaultLoginPageGeneratingFilter@34c60067, org.springframework.security.web.authentication.ui.DefaultLogoutPageGeneratingFilter@38bffc0c, org.springframework.security.web.authentication.www.BasicAuthenticationFilter@554cac2b, org.springframework.security.web.savedrequest.RequestCacheAwareFilter@7fe0d047, org.springframework.security.web.servletapi.SecurityContextHolderAwareRequestFilter@78c823f6, org.springframework.security.web.authentication.AnonymousAuthenticationFilter@82232c4, org.springframework.security.web.session.SessionManagementFilter@46b14e76, org.springframework.security.web.access.ExceptionTranslationFilter@338123bc, org.springframework.security.web.access.intercept.FilterSecurityInterceptor@2f7260ca]
2020-02-27 00:00:47.885  INFO 8988 --- [    Test worker] o.s.b.t.m.w.SpringBootMockServletContext : Initializing Spring TestDispatcherServlet ''
2020-02-27 00:00:47.886  INFO 8988 --- [    Test worker] o.s.t.web.servlet.TestDispatcherServlet  : Initializing Servlet ''
2020-02-27 00:00:47.900  INFO 8988 --- [    Test worker] o.s.t.web.servlet.TestDispatcherServlet  : Completed initialization in 14 ms
2020-02-27 00:00:47.932  INFO 8988 --- [    Test worker] c.s.springboot.web.HelloControllerTest   : Started HelloControllerTest in 0.879 seconds (JVM running for 8.609)
]]></system-out>
  <system-err><![CDATA[]]></system-err>
</testsuite>
