<?xml version="1.0" encoding="UTF-8"?>
<testsuite name="com.smartandhuman.springboot.web.PostsApiControllerTest" tests="1" skipped="0" failures="0" errors="0" timestamp="2020-02-26T15:00:50" hostname="NICEGUY" time="0.067">
  <properties/>
  <testcase name="Posts_등록된다" classname="com.smartandhuman.springboot.web.PostsApiControllerTest" time="0.067"/>
  <system-out><![CDATA[2020-02-27 00:00:50.420  INFO 8988 --- [    Test worker] .b.t.c.SpringBootTestContextBootstrapper : Neither @ContextConfiguration nor @ContextHierarchy found for test class [com.smartandhuman.springboot.web.PostsApiControllerTest], using SpringBootContextLoader
2020-02-27 00:00:50.421  INFO 8988 --- [    Test worker] o.s.t.c.support.AbstractContextLoader    : Could not detect default resource locations for test class [com.smartandhuman.springboot.web.PostsApiControllerTest]: no resource found for suffixes {-context.xml, Context.groovy}.
2020-02-27 00:00:50.421  INFO 8988 --- [    Test worker] t.c.s.AnnotationConfigContextLoaderUtils : Could not detect default configuration classes for test class [com.smartandhuman.springboot.web.PostsApiControllerTest]: PostsApiControllerTest does not declare any static, non-private, non-final, nested classes annotated with @Configuration.
2020-02-27 00:00:50.423  INFO 8988 --- [    Test worker] .b.t.c.SpringBootTestContextBootstrapper : Found @SpringBootConfiguration com.smartandhuman.springboot.Application for test class com.smartandhuman.springboot.web.PostsApiControllerTest
2020-02-27 00:00:50.425  INFO 8988 --- [    Test worker] .b.t.c.SpringBootTestContextBootstrapper : Loaded default TestExecutionListener class names from location [META-INF/spring.factories]: [org.springframework.security.test.context.support.WithSecurityContextTestExecutionListener, org.springframework.security.test.context.support.ReactorContextTestExecutionListener, org.springframework.boot.test.autoconfigure.restdocs.RestDocsTestExecutionListener, org.springframework.boot.test.autoconfigure.web.client.MockRestServiceServerResetTestExecutionListener, org.springframework.boot.test.autoconfigure.web.servlet.MockMvcPrintOnlyOnFailureTestExecutionListener, org.springframework.boot.test.autoconfigure.web.servlet.WebDriverTestExecutionListener, org.springframework.boot.test.mock.mockito.MockitoTestExecutionListener, org.springframework.boot.test.mock.mockito.ResetMocksTestExecutionListener, org.springframework.test.context.web.ServletTestExecutionListener, org.springframework.test.context.support.DirtiesContextBeforeModesTestExecutionListener, org.springframework.test.context.support.DependencyInjectionTestExecutionListener, org.springframework.test.context.support.DirtiesContextTestExecutionListener, org.springframework.test.context.transaction.TransactionalTestExecutionListener, org.springframework.test.context.jdbc.SqlScriptsTestExecutionListener]
2020-02-27 00:00:50.426  INFO 8988 --- [    Test worker] .b.t.c.SpringBootTestContextBootstrapper : Using TestExecutionListeners: [org.springframework.test.context.web.ServletTestExecutionListener@6b9c302f, org.springframework.test.context.support.DirtiesContextBeforeModesTestExecutionListener@30229eff, org.springframework.boot.test.mock.mockito.MockitoTestExecutionListener@32585e68, org.springframework.boot.test.autoconfigure.SpringBootDependencyInjectionTestExecutionListener@4cd0187b, org.springframework.test.context.support.DirtiesContextTestExecutionListener@46474486, org.springframework.test.context.transaction.TransactionalTestExecutionListener@62b6efd7, org.springframework.test.context.jdbc.SqlScriptsTestExecutionListener@12ed46f7, org.springframework.security.test.context.support.WithSecurityContextTestExecutionListener@5e329711, org.springframework.security.test.context.support.ReactorContextTestExecutionListener@22ad9b25, org.springframework.boot.test.autoconfigure.restdocs.RestDocsTestExecutionListener@773000f0, org.springframework.boot.test.autoconfigure.web.client.MockRestServiceServerResetTestExecutionListener@f922a1f, org.springframework.boot.test.autoconfigure.web.servlet.MockMvcPrintOnlyOnFailureTestExecutionListener@4552bee3, org.springframework.boot.test.autoconfigure.web.servlet.WebDriverTestExecutionListener@b6871df, org.springframework.boot.test.mock.mockito.ResetMocksTestExecutionListener@7ca8c7c2]
2020-02-27 00:00:50.434  INFO 8988 --- [    Test worker] o.a.c.c.C.[Tomcat].[localhost].[/]       : Initializing Spring TestDispatcherServlet ''
2020-02-27 00:00:50.434  INFO 8988 --- [    Test worker] o.s.t.web.servlet.TestDispatcherServlet  : Initializing Servlet ''
2020-02-27 00:00:50.436  INFO 8988 --- [    Test worker] o.s.t.web.servlet.TestDispatcherServlet  : Completed initialization in 2 ms
Hibernate: insert into posts (created_date, modified_date, author, content, title) values (?, ?, ?, ?, ?)
Hibernate: select posts0_.id as id1_0_, posts0_.created_date as created_2_0_, posts0_.modified_date as modified3_0_, posts0_.author as author4_0_, posts0_.content as content5_0_, posts0_.title as title6_0_ from posts posts0_
Hibernate: select posts0_.id as id1_0_, posts0_.created_date as created_2_0_, posts0_.modified_date as modified3_0_, posts0_.author as author4_0_, posts0_.content as content5_0_, posts0_.title as title6_0_ from posts posts0_
Hibernate: delete from posts where id=?
]]></system-out>
  <system-err><![CDATA[]]></system-err>
</testsuite>
